Change Component Footprint: Designator=R7 Old Footprint=Uni Royal 0603 Resistor New Footprint=Wurth 0603 Resistor
Added Component: Designator=R5(Wurth 0603 Resistor)
Add component (AddParameter): Name = "Value"; Value = "10k"; VariantName = "[No Variations]"
Added Component: Designator=R6(Wurth 0603 Resistor)
Add component (AddParameter): Name = "Value"; Value = "10k"; VariantName = "[No Variations]"
Added Component: Designator=R8(Wurth 0603 Resistor)
Add component (AddParameter): Name = "Value"; Value = "10k"; VariantName = "[No Variations]"
Added Component: Designator=R9(Wurth 0603 Resistor)
Add component (AddParameter): Name = "Value"; Value = "10k"; VariantName = "[No Variations]"
Added Pin To Net: NetName=DTR Pin=R5-1
Added Pin To Net: NetName=NetQ1_1 Pin=R5-2
Added Pin To Net: NetName=NetIC2_15 Pin=R6-1
Added Pin To Net: NetName=GND Pin=R6-2
Added Pin To Net: NetName=RTS Pin=R8-1
Added Pin To Net: NetName=NetQ2_1 Pin=R8-2
Added Pin To Net: NetName=+3V3_CP2102 Pin=R9-1
Added Pin To Net: NetName=NetIC2_9 Pin=R9-2
Added Member To Class: ClassName=Main Member=Component R5 Generic Resistor 10k 0603
Added Member To Class: ClassName=Main Member=Component R6 Generic Resistor 10k 0603
Added Member To Class: ClassName=Main Member=Component R8 Generic Resistor 10k 0603
Added Member To Class: ClassName=Main Member=Component R9 Generic Resistor 10k 0603
