Change Physical Footprint: Designator=C1 Old Footprint=FP-GRM188-0_1-e0_2_0_55-IPC_A New Footprint=FP-GRM188-0_1-e0_2_0_55-IPC_A
Change Physical Footprint: Designator=C2 Old Footprint=FP-GRM188-0_1-e0_2_0_55-IPC_A New Footprint=FP-GRM188-0_1-e0_2_0_55-IPC_A
Change Physical Footprint: Designator=C3 Old Footprint=CAPC1608X90X35ML10T15 New Footprint=CAPC1608X90X35ML10T15
Change Physical Footprint: Designator=C4 Old Footprint=FP-GRM188-0_2-IPC_C New Footprint=FP-GRM188-0_2-IPC_C
Change Physical Footprint: Designator=C5 Old Footprint=CAPC1608X90X35ML10T15 New Footprint=CAPC1608X90X35ML10T15
Change Physical Footprint: Designator=C6 Old Footprint=FP-GRM188-0_2-IPC_C New Footprint=FP-GRM188-0_2-IPC_C
Change Physical Footprint: Designator=D1 Old Footprint=WL-SMCW_0603_150060xx75000 New Footprint=WL-SMCW_0603_150060xx75000
Change Physical Footprint: Designator=IC1 Old Footprint=Tech Public SOT23-6 New Footprint=Tech Public SOT23-6
Change Physical Footprint: Designator=IC2 Old Footprint=FP-CP2102N-A02-GQFN24R-IPC_C New Footprint=FP-CP2102N-A02-GQFN24R-IPC_C
Change Physical Footprint: Designator=J1 Old Footprint=KINGHELM_KH-TYPE-C-16P New Footprint=KINGHELM_KH-TYPE-C-16P
Change Physical Footprint: Designator=P1 Old Footprint=61300211121 New Footprint=61300211121
Change Physical Footprint: Designator=P2 Old Footprint=61300711121 New Footprint=61300711121
Change Physical Footprint: Designator=Q1 Old Footprint=FP-SS8050-G-MFG New Footprint=FP-SS8050-G-MFG
Change Physical Footprint: Designator=Q2 Old Footprint=FP-SS8050-G-MFG New Footprint=FP-SS8050-G-MFG
Change Physical Footprint: Designator=R1 Old Footprint=0805 Resistor New Footprint=0805 Resistor
Change Physical Footprint: Designator=R2 Old Footprint=0805 Resistor New Footprint=0805 Resistor
Change Physical Footprint: Designator=R3 Old Footprint=Wurth 0603 Resistor New Footprint=Wurth 0603 Resistor
Change Physical Footprint: Designator=R4 Old Footprint=Wurth 0603 Resistor New Footprint=Wurth 0603 Resistor
Change Physical Footprint: Designator=R7 Old Footprint=Uni Royal 0603 Resistor New Footprint=Uni Royal 0603 Resistor
Change Physical Footprint: Designator=S1 Old Footprint=TS1088R02026 New Footprint=TS1088R02026
Change Physical Footprint: Designator=S2 Old Footprint=TS1088R02026 New Footprint=TS1088R02026
Change Physical Footprint: Designator=U1 Old Footprint=FP-SOT223-MFG New Footprint=FP-SOT223-MFG
