Removed Pin From Net: NetName=RESET Pin=P1-3
Removed Pin From Net: NetName=BOOT Pin=P1-4
Removed Pin From Net: NetName=DTR Pin=P1-5
Removed Pin From Net: NetName=RTS Pin=P1-6
Removed Pin From Net: NetName=RXD Pin=P1-7
Removed Pin From Net: NetName=TXD Pin=P1-8
Removed Pin From Net: NetName=GND Pin=P1-9
Change Component Footprint: Designator=P1 Old Footprint=61300911121 New Footprint=61300211121
Change Component Footprint: Designator=D1 Old Footprint=WL-SMCW_0603_150060xx75000 New Footprint=WL-SMCW_0603_150060xx75000
Change Component Comment : Designator=P1 Old Comment=61300911121 New Comment=61300211121
Change Managed Component Library Link : Designator=P1 Old VaultGUID=B7D15EC3-160A-466F-A46C-7801FE6295A7 New VaultGUID=B7D15EC3-160A-466F-A46C-7801FE6295A7 Old ItemGUID=AAB1E598-F80B-480B-B028-C26FB758011A New ItemGUID=E6B3379A-03D8-40ED-ADD4-897EDD19A437 Old RevisionGUID=48CDC35C-13D3-4E02-BBD0-B1002A9D2944 New RevisionGUID=6AE22ED0-B90F-4CFE-A1C8-171AD530BE59
Change component parameters: Designator = "P1" ("P1"); Footprint = "61300911121"; UniqueID = "\AWSFRCSD" ("\AWSFRCSD")
Change component parameters (AddParameter): Name = "Color"; Value = "Black"; VariantName = "[No Variations]"
Change component parameters (AddParameter): Name = "Connector Type"; Value = "Male Pin"; VariantName = "[No Variations]"
Change component parameters (AddParameter): Name = "Contact Gender"; Value = "Male"; VariantName = "[No Variations]"
Change component parameters (AddParameter): Name = "Contact Material"; Value = "Copper"; VariantName = "[No Variations]"
Change component parameters (AddParameter): Name = "Contact Mating Length"; Value = "5.9944mm"; VariantName = "[No Variations]"
Change component parameters (AddParameter): Name = "Contact Plating"; Value = "Gold"; VariantName = "[No Variations]"
Change component parameters (AddParameter): Name = "Contact Resistance"; Value = "20mO"; VariantName = "[No Variations]"
Change component parameters (AddParameter): Name = "Current Rating"; Value = "3A"; VariantName = "[No Variations]"
Change component parameters (AddParameter): Name = "Gender"; Value = "Male"; VariantName = "[No Variations]"
Change component parameters (AddParameter): Name = "Height"; Value = "8.94mm"; VariantName = "[No Variations]"
Change component parameters (AddParameter): Name = "Housing Material"; Value = "PBT"; VariantName = "[No Variations]"
Change component parameters (AddParameter): Name = "Lead Free"; Value = "Lead Free"; VariantName = "[No Variations]"
Change component parameters (AddParameter): Name = "Lead Pitch"; Value = "2.54mm"; VariantName = "[No Variations]"
Change component parameters (AddParameter): Name = "Max Operating Temperature"; Value = "125°C"; VariantName = "[No Variations]"
Change component parameters (AddParameter): Name = "Min Operating Temperature"; Value = "-40°C"; VariantName = "[No Variations]"
Change component parameters (AddParameter): Name = "Mount"; Value = "Through Hole"; VariantName = "[No Variations]"
Change component parameters (AddParameter): Name = "NexarPartId"; Value = "20081794"; VariantName = "[No Variations]"
Change component parameters (AddParameter): Name = "Number of Contacts"; Value = "2"; VariantName = "[No Variations]"
Change component parameters (AddParameter): Name = "Number of Pins"; Value = "2"; VariantName = "[No Variations]"
Change component parameters (AddParameter): Name = "Number of Positions"; Value = "2"; VariantName = "[No Variations]"
Change component parameters (AddParameter): Name = "Number of Rows"; Value = "1"; VariantName = "[No Variations]"
Change component parameters (AddParameter): Name = "Operating Supply Voltage"; Value = "250V"; VariantName = "[No Variations]"
Change component parameters (AddParameter): Name = "Orientation"; Value = "Vertical"; VariantName = "[No Variations]"
Change component parameters (AddParameter): Name = "Packaging"; Value = "Bulk"; VariantName = "[No Variations]"
Change component parameters (AddParameter): Name = "Pitch"; Value = "2.54mm"; VariantName = "[No Variations]"
Change component parameters (AddParameter): Name = "REACH SVHC"; Value = "No SVHC"; VariantName = "[No Variations]"
Change component parameters (AddParameter): Name = "RoHS"; Value = "Compliant"; VariantName = "[No Variations]"
Change component parameters (AddParameter): Name = "Termination"; Value = "Through Hole"; VariantName = "[No Variations]"
Change component parameters (AddParameter): Name = "Voltage Rating"; Value = "250V"; VariantName = "[No Variations]"
Added Component: Designator=P2(61300711121)
Add component (AddParameter): Name = "Color"; Value = "Black"; VariantName = "[No Variations]"
Add component (AddParameter): Name = "Connector Type"; Value = "Male Pin"; VariantName = "[No Variations]"
Add component (AddParameter): Name = "Contact Material"; Value = "Copper"; VariantName = "[No Variations]"
Add component (AddParameter): Name = "Contact Mating Length"; Value = "5.9944mm"; VariantName = "[No Variations]"
Add component (AddParameter): Name = "Contact Plating"; Value = "Gold"; VariantName = "[No Variations]"
Add component (AddParameter): Name = "Contact Resistance"; Value = "20mO"; VariantName = "[No Variations]"
Add component (AddParameter): Name = "Current Rating"; Value = "3A"; VariantName = "[No Variations]"
Add component (AddParameter): Name = "Gender"; Value = "Male"; VariantName = "[No Variations]"
Add component (AddParameter): Name = "Lead Pitch"; Value = "2.54mm"; VariantName = "[No Variations]"
Add component (AddParameter): Name = "Mount"; Value = "Through Hole"; VariantName = "[No Variations]"
Add component (AddParameter): Name = "NexarPartId"; Value = "32855531"; VariantName = "[No Variations]"
Add component (AddParameter): Name = "Number of Contacts"; Value = "7"; VariantName = "[No Variations]"
Add component (AddParameter): Name = "Number of Pins"; Value = "7"; VariantName = "[No Variations]"
Add component (AddParameter): Name = "Number of Positions"; Value = "7"; VariantName = "[No Variations]"
Add component (AddParameter): Name = "Number of Rows"; Value = "1"; VariantName = "[No Variations]"
Add component (AddParameter): Name = "Operating Supply Voltage"; Value = "250V"; VariantName = "[No Variations]"
Add component (AddParameter): Name = "Orientation"; Value = "Vertical"; VariantName = "[No Variations]"
Add component (AddParameter): Name = "Packaging"; Value = "Bulk"; VariantName = "[No Variations]"
Add component (AddParameter): Name = "Pitch"; Value = "2.54mm"; VariantName = "[No Variations]"
Add component (AddParameter): Name = "REACH SVHC"; Value = "Unknown"; VariantName = "[No Variations]"
Add component (AddParameter): Name = "RoHS"; Value = "Compliant"; VariantName = "[No Variations]"
Add component (AddParameter): Name = "Termination"; Value = "Solder"; VariantName = "[No Variations]"
Added Pin To Net: NetName=RESET Pin=P2-1
Added Pin To Net: NetName=BOOT Pin=P2-2
Added Pin To Net: NetName=DTR Pin=P2-3
Added Pin To Net: NetName=RTS Pin=P2-4
Added Pin To Net: NetName=RXD Pin=P2-5
Added Pin To Net: NetName=TXD Pin=P2-6
Added Pin To Net: NetName=GND Pin=P2-7
Added Member To Class: ClassName=Main Member=Component P2 61300711121
